<?xml version="1.0" encoding="UTF-8" ?>
<testsuite failures="0" time="2.27" errors="0" skipped="0" tests="1" name="com.lichtflutde.TestHomePage">
  <properties>
    <property name="java.runtime.name" value="Java(TM) SE Runtime Environment"/>
    <property name="sun.boot.library.path" value="c:\Program Files\Java\jdk1.6.0_34\jre\bin"/>
    <property name="java.vm.version" value="20.9-b04"/>
    <property name="java.vm.vendor" value="Sun Microsystems Inc."/>
    <property name="java.vendor.url" value="http://java.sun.com/"/>
    <property name="path.separator" value=";"/>
    <property name="java.vm.name" value="Java HotSpot(TM) 64-Bit Server VM"/>
    <property name="file.encoding.pkg" value="sun.io"/>
    <property name="user.country" value="DE"/>
    <property name="sun.java.launcher" value="SUN_STANDARD"/>
    <property name="sun.os.patch.level" value="Service Pack 1"/>
    <property name="java.vm.specification.name" value="Java Virtual Machine Specification"/>
    <property name="user.dir" value="c:\Users\r\Documents\LichtFlut\Tutorials\cameraSandBox\cameraSandBox"/>
    <property name="java.runtime.version" value="1.6.0_34-b04"/>
    <property name="java.awt.graphicsenv" value="sun.awt.Win32GraphicsEnvironment"/>
    <property name="basedir" value="c:\Users\r\Documents\LichtFlut\Tutorials\cameraSandBox\cameraSandBox"/>
    <property name="java.endorsed.dirs" value="c:\Program Files\Java\jdk1.6.0_34\jre\lib\endorsed"/>
    <property name="os.arch" value="amd64"/>
    <property name="surefire.real.class.path" value="c:\Users\r\Documents\LichtFlut\Tutorials\cameraSandBox\cameraSandBox\target\surefire\surefirebooter9119373750527883644.jar"/>
    <property name="java.io.tmpdir" value="C:\Users\r\AppData\Local\Temp\"/>
    <property name="line.separator" value="
"/>
    <property name="java.vm.specification.vendor" value="Sun Microsystems Inc."/>
    <property name="user.variant" value=""/>
    <property name="os.name" value="Windows 7"/>
    <property name="sun.jnu.encoding" value="Cp1252"/>
    <property name="java.library.path" value="c:\Program Files\Java\jdk1.6.0_34\jre\bin;C:\windows\Sun\Java\bin;C:\windows\system32;C:\windows;c:\Users\r\bin;.;C:\Program Files (x86)\Git\local\bin;C:\Program Files (x86)\Git\mingw\bin;C:\Program Files (x86)\Git\bin;c:\Program Files (x86)\NVIDIA Corporation\PhysX\Common;c:\Program Files\Common Files\Microsoft Shared\Windows Live;c:\Program Files (x86)\Common Files\Microsoft Shared\Windows Live;c:\windows\system32;c:\windows;c:\windows\System32\Wbem;c:\windows\System32\WindowsPowerShell\v1.0\;c:\Program Files (x86)\Windows Live\Shared;c:\Program Files (x86)\QuickTime\QTSystem\;%JAVA_HOME%\bin;c:\Program Files (x86)\Apache Software Foundation\maven-3.0.3\bin;."/>
    <property name="surefire.test.class.path" value="c:\Users\r\Documents\LichtFlut\Tutorials\cameraSandBox\cameraSandBox\target\test-classes;c:\Users\r\Documents\LichtFlut\Tutorials\cameraSandBox\cameraSandBox\target\classes;C:\Users\r\.m2\repository\org\apache\wicket\wicket-core\6.0.0\wicket-core-6.0.0.jar;C:\Users\r\.m2\repository\org\apache\wicket\wicket-util\6.0.0\wicket-util-6.0.0.jar;C:\Users\r\.m2\repository\org\apache\wicket\wicket-request\6.0.0\wicket-request-6.0.0.jar;C:\Users\r\.m2\repository\org\slf4j\slf4j-api\1.6.4\slf4j-api-1.6.4.jar;C:\Users\r\.m2\repository\org\slf4j\slf4j-log4j12\1.6.4\slf4j-log4j12-1.6.4.jar;C:\Users\r\.m2\repository\log4j\log4j\1.2.16\log4j-1.2.16.jar;C:\Users\r\.m2\repository\junit\junit\4.10\junit-4.10.jar;C:\Users\r\.m2\repository\org\hamcrest\hamcrest-core\1.1\hamcrest-core-1.1.jar;C:\Users\r\.m2\repository\org\eclipse\jetty\aggregate\jetty-all-server\7.6.3.v20120416\jetty-all-server-7.6.3.v20120416.jar;C:\Users\r\.m2\repository\org\eclipse\jetty\orbit\javax.servlet\2.5.0.v201103041518\javax.servlet-2.5.0.v201103041518.jar;C:\Users\r\.m2\repository\org\eclipse\jetty\orbit\javax.security.auth.message\1.0.0.v201108011116\javax.security.auth.message-1.0.0.v201108011116.jar;C:\Users\r\.m2\repository\org\eclipse\jetty\orbit\javax.mail.glassfish\1.4.1.v201005082020\javax.mail.glassfish-1.4.1.v201005082020.jar;C:\Users\r\.m2\repository\org\eclipse\jetty\orbit\javax.activation\1.1.0.v201105071233\javax.activation-1.1.0.v201105071233.jar;C:\Users\r\.m2\repository\org\eclipse\jetty\orbit\javax.annotation\1.1.0.v201108011116\javax.annotation-1.1.0.v201108011116.jar;"/>
    <property name="java.specification.name" value="Java Platform API Specification"/>
    <property name="java.class.version" value="50.0"/>
    <property name="sun.management.compiler" value="HotSpot 64-Bit Tiered Compilers"/>
    <property name="os.version" value="6.1"/>
    <property name="user.home" value="C:\Users\r"/>
    <property name="user.timezone" value="Europe/Berlin"/>
    <property name="java.awt.printerjob" value="sun.awt.windows.WPrinterJob"/>
    <property name="java.specification.version" value="1.6"/>
    <property name="file.encoding" value="Cp1252"/>
    <property name="user.name" value="r"/>
    <property name="java.class.path" value="c:\Users\r\Documents\LichtFlut\Tutorials\cameraSandBox\cameraSandBox\target\test-classes;c:\Users\r\Documents\LichtFlut\Tutorials\cameraSandBox\cameraSandBox\target\classes;C:\Users\r\.m2\repository\org\apache\wicket\wicket-core\6.0.0\wicket-core-6.0.0.jar;C:\Users\r\.m2\repository\org\apache\wicket\wicket-util\6.0.0\wicket-util-6.0.0.jar;C:\Users\r\.m2\repository\org\apache\wicket\wicket-request\6.0.0\wicket-request-6.0.0.jar;C:\Users\r\.m2\repository\org\slf4j\slf4j-api\1.6.4\slf4j-api-1.6.4.jar;C:\Users\r\.m2\repository\org\slf4j\slf4j-log4j12\1.6.4\slf4j-log4j12-1.6.4.jar;C:\Users\r\.m2\repository\log4j\log4j\1.2.16\log4j-1.2.16.jar;C:\Users\r\.m2\repository\junit\junit\4.10\junit-4.10.jar;C:\Users\r\.m2\repository\org\hamcrest\hamcrest-core\1.1\hamcrest-core-1.1.jar;C:\Users\r\.m2\repository\org\eclipse\jetty\aggregate\jetty-all-server\7.6.3.v20120416\jetty-all-server-7.6.3.v20120416.jar;C:\Users\r\.m2\repository\org\eclipse\jetty\orbit\javax.servlet\2.5.0.v201103041518\javax.servlet-2.5.0.v201103041518.jar;C:\Users\r\.m2\repository\org\eclipse\jetty\orbit\javax.security.auth.message\1.0.0.v201108011116\javax.security.auth.message-1.0.0.v201108011116.jar;C:\Users\r\.m2\repository\org\eclipse\jetty\orbit\javax.mail.glassfish\1.4.1.v201005082020\javax.mail.glassfish-1.4.1.v201005082020.jar;C:\Users\r\.m2\repository\org\eclipse\jetty\orbit\javax.activation\1.1.0.v201105071233\javax.activation-1.1.0.v201105071233.jar;C:\Users\r\.m2\repository\org\eclipse\jetty\orbit\javax.annotation\1.1.0.v201108011116\javax.annotation-1.1.0.v201108011116.jar;"/>
    <property name="java.vm.specification.version" value="1.0"/>
    <property name="sun.arch.data.model" value="64"/>
    <property name="java.home" value="c:\Program Files\Java\jdk1.6.0_34\jre"/>
    <property name="sun.java.command" value="c:\Users\r\Documents\LichtFlut\Tutorials\cameraSandBox\cameraSandBox\target\surefire\surefirebooter9119373750527883644.jar c:\Users\r\Documents\LichtFlut\Tutorials\cameraSandBox\cameraSandBox\target\surefire\surefire4709073150944474094tmp c:\Users\r\Documents\LichtFlut\Tutorials\cameraSandBox\cameraSandBox\target\surefire\surefire3580436252504901860tmp"/>
    <property name="java.specification.vendor" value="Sun Microsystems Inc."/>
    <property name="user.language" value="de"/>
    <property name="awt.toolkit" value="sun.awt.windows.WToolkit"/>
    <property name="java.vm.info" value="mixed mode"/>
    <property name="java.version" value="1.6.0_34"/>
    <property name="java.ext.dirs" value="c:\Program Files\Java\jdk1.6.0_34\jre\lib\ext;C:\windows\Sun\Java\lib\ext"/>
    <property name="sun.boot.class.path" value="c:\Program Files\Java\jdk1.6.0_34\jre\lib\resources.jar;c:\Program Files\Java\jdk1.6.0_34\jre\lib\rt.jar;c:\Program Files\Java\jdk1.6.0_34\jre\lib\sunrsasign.jar;c:\Program Files\Java\jdk1.6.0_34\jre\lib\jsse.jar;c:\Program Files\Java\jdk1.6.0_34\jre\lib\jce.jar;c:\Program Files\Java\jdk1.6.0_34\jre\lib\charsets.jar;c:\Program Files\Java\jdk1.6.0_34\jre\lib\modules\jdk.boot.jar;c:\Program Files\Java\jdk1.6.0_34\jre\classes"/>
    <property name="java.vendor" value="Sun Microsystems Inc."/>
    <property name="localRepository" value="C:\Users\r\.m2\repository"/>
    <property name="file.separator" value="\"/>
    <property name="java.vendor.url.bug" value="http://java.sun.com/cgi-bin/bugreport.cgi"/>
    <property name="sun.cpu.endian" value="little"/>
    <property name="sun.io.unicode.encoding" value="UnicodeLittle"/>
    <property name="sun.desktop" value="windows"/>
    <property name="sun.cpu.isalist" value="amd64"/>
  </properties>
  <testcase time="2.218" classname="com.lichtflutde.TestHomePage" name="homepageRendersSuccessfully"/>
</testsuite>